This is pdfTeX, Version 3.141592653-2.6-1.40.23 (MiKTeX 21.8) (preloaded format=pdflatex 2021.8.23)  3 JAN 2022 22:25
entering extended mode
**"./Background Research.tex"
(Background Research.tex
LaTeX2e <2021-06-01> patch level 1
L3 programming layer <2021-07-12>

! LaTeX Error: Missing \begin{document}.

See the LaTeX manual or LaTeX Companion for explanation.
Type  H <return>  for immediate help.
 ...                                              
                                                  
l.1 ... to be incorporated in this investigation.}
                                                  
You're in trouble here.  Try typing  <return>  to proceed.
If that doesn't work, type  X <return>  to quit.


Overfull \hbox (48.12201pt too wide) in paragraph at lines 1--2
[]\OT1/cmr/m/it/10 Before
 []


Overfull \hbox (12.26654pt too wide) in paragraph at lines 1--2
\OT1/cmr/m/it/10 be-
 []


Overfull \hbox (16.86655pt too wide) in paragraph at lines 1--2
\OT1/cmr/m/it/10 gin-
 []


Overfull \hbox (18.911pt too wide) in paragraph at lines 1--2
\OT1/cmr/m/it/10 ning
 []


Overfull \hbox (15.58879pt too wide) in paragraph at lines 1--2
\OT1/cmr/m/it/10 this
 []


Overfull \hbox (12.26659pt too wide) in paragraph at lines 1--2
\OT1/cmr/m/it/10 in-
 []


Overfull \hbox (16.86653pt too wide) in paragraph at lines 1--2
\OT1/cmr/m/it/10 ves-
 []


Overfull \hbox (9.96658pt too wide) in paragraph at lines 1--2
\OT1/cmr/m/it/10 ti-
 []


Overfull \hbox (13.28879pt too wide) in paragraph at lines 1--2
\OT1/cmr/m/it/10 ga-
 []


Overfull \hbox (17.12212pt too wide) in paragraph at lines 1--2
\OT1/cmr/m/it/10 tion
 []


Overfull \hbox (11.24437pt too wide) in paragraph at lines 1--2
\OT1/cmr/m/it/10 we
 []


Overfull \hbox (20.95543pt too wide) in paragraph at lines 1--2
\OT1/cmr/m/it/10 must
 []


Overfull \hbox (17.24988pt too wide) in paragraph at lines 1--2
\OT1/cmr/m/it/10 first
 []


Overfull \hbox (21.97765pt too wide) in paragraph at lines 1--2
\OT1/cmr/m/it/10 know
 []


Overfull \hbox (21.97765pt too wide) in paragraph at lines 1--2
\OT1/cmr/m/it/10 some
 []


Overfull \hbox (14.82213pt too wide) in paragraph at lines 1--2
\OT1/cmr/m/it/10 im-
 []


Overfull \hbox (17.50542pt too wide) in paragraph at lines 1--2
\OT1/cmr/m/it/10 por-
 []


Overfull \hbox (17.37766pt too wide) in paragraph at lines 1--2
\OT1/cmr/m/it/10 tant
 []


Overfull \hbox (23.2554pt too wide) in paragraph at lines 1--2
\OT1/cmr/m/it/10 facts,
 []


Overfull \hbox (15.9721pt too wide) in paragraph at lines 1--2
\OT1/cmr/m/it/10 for-
 []


Overfull \hbox (17.12212pt too wide) in paragraph at lines 1--2
\OT1/cmr/m/it/10 mu-
 []


Overfull \hbox (15.33324pt too wide) in paragraph at lines 1--2
\OT1/cmr/m/it/10 lae,
 []


Overfull \hbox (18.3999pt too wide) in paragraph at lines 1--2
\OT1/cmr/m/it/10 laws
 []


Overfull \hbox (15.84436pt too wide) in paragraph at lines 1--2
\OT1/cmr/m/it/10 and
 []


Overfull \hbox (8.6888pt too wide) in paragraph at lines 1--2
\OT1/cmr/m/it/10 be
 []


Overfull \hbox (11.75548pt too wide) in paragraph at lines 1--2
\OT1/cmr/m/it/10 fa-
 []


Overfull \hbox (17.37767pt too wide) in paragraph at lines 1--2
\OT1/cmr/m/it/10 mil-
 []


Overfull \hbox (12.39436pt too wide) in paragraph at lines 1--2
\OT1/cmr/m/it/10 iar
 []


Overfull \hbox (18.14433pt too wide) in paragraph at lines 1--2
\OT1/cmr/m/it/10 with
 []


Overfull \hbox (13.03323pt too wide) in paragraph at lines 1--2
\OT1/cmr/m/it/10 the
 []


Overfull \hbox (18.39986pt too wide) in paragraph at lines 1--2
\OT1/cmr/m/it/10 con-
 []


Overfull \hbox (21.21094pt too wide) in paragraph at lines 1--2
\OT1/cmr/m/it/10 cepts
 []


Overfull \hbox (16.86655pt too wide) in paragraph at lines 1--2
\OT1/cmr/m/it/10 that
 []


Overfull \hbox (13.41655pt too wide) in paragraph at lines 1--2
\OT1/cmr/m/it/10 are
 []


Overfull \hbox (8.43327pt too wide) in paragraph at lines 1--2
\OT1/cmr/m/it/10 to
 []


Overfull \hbox (8.6888pt too wide) in paragraph at lines 1--2
\OT1/cmr/m/it/10 be
 []


Overfull \hbox (12.26659pt too wide) in paragraph at lines 1--2
\OT1/cmr/m/it/10 in-
 []


Overfull \hbox (16.9943pt too wide) in paragraph at lines 1--2
\OT1/cmr/m/it/10 cor-
 []


Overfull \hbox (13.28879pt too wide) in paragraph at lines 1--2
\OT1/cmr/m/it/10 po-
 []


Overfull \hbox (21.3387pt too wide) in paragraph at lines 1--2
\OT1/cmr/m/it/10 rated
 []


Overfull \hbox (8.68884pt too wide) in paragraph at lines 1--2
\OT1/cmr/m/it/10 in
 []


Overfull \hbox (15.58879pt too wide) in paragraph at lines 1--2
\OT1/cmr/m/it/10 this
 []


Overfull \hbox (12.26659pt too wide) in paragraph at lines 1--2
\OT1/cmr/m/it/10 in-
 []


Overfull \hbox (16.86653pt too wide) in paragraph at lines 1--2
\OT1/cmr/m/it/10 ves-
 []


Overfull \hbox (9.96658pt too wide) in paragraph at lines 1--2
\OT1/cmr/m/it/10 ti-
 []


Overfull \hbox (13.28879pt too wide) in paragraph at lines 1--2
\OT1/cmr/m/it/10 ga-
 []


Overfull \hbox (20.18877pt too wide) in paragraph at lines 1--2
\OT1/cmr/m/it/10 tion. 
 []

! Undefined control sequence.
l.5 \subsection
               {\textit{Air Drag/Fluid Resistance}}
The control sequence at the end of the top line
of your error message was never \def'ed. If you have
misspelled it (e.g., `\hobx'), type `I' and the correct
spelling (e.g., `I\hbox'). Otherwise just continue,
and I'll forget about whatever was undefined.


! LaTeX Error: Missing \begin{document}.

See the LaTeX manual or LaTeX Companion for explanation.
Type  H <return>  for immediate help.
 ...                                              
                                                  
l.5 \subsection{\textit{Air Drag/Fluid Resistance}
                                                  }
You're in trouble here.  Try typing  <return>  to proceed.
If that doesn't work, type  X <return>  to quit.


Overfull \hbox (34.461pt too wide) in paragraph at lines 5--6
[]\OT1/cmr/m/it/10 Air
 []


Overfull \hbox (48.70522pt too wide) in paragraph at lines 5--6
\OT1/cmr/m/it/10 Drag/Fluid
 []


Overfull \hbox (14.96098pt too wide) in paragraph at lines 5--6
\OT1/cmr/m/it/10 Re-
 []


Overfull \hbox (14.82213pt too wide) in paragraph at lines 5--6
\OT1/cmr/m/it/10 sis-
 []


Overfull \hbox (23.49565pt too wide) in paragraph at lines 5--6
\OT1/cmr/m/it/10 tance 
 []

! Undefined control sequence.
l.9 \subsection
               {\textit{Stokes Law}}\label{slaw}
The control sequence at the end of the top line
of your error message was never \def'ed. If you have
misspelled it (e.g., `\hobx'), type `I' and the correct
spelling (e.g., `I\hbox'). Otherwise just continue,
and I'll forget about whatever was undefined.


! LaTeX Error: Missing \begin{document}.

See the LaTeX manual or LaTeX Companion for explanation.
Type  H <return>  for immediate help.
 ...                                              
                                                  
l.9 \subsection{\textit{Stokes Law}
                                   }\label{slaw}
You're in trouble here.  Try typing  <return>  to proceed.
If that doesn't work, type  X <return>  to quit.


Overfull \hbox (47.34425pt too wide) in paragraph at lines 9--10
[]\OT1/cmr/m/it/10 Stokes
 []


Overfull \hbox (18.59291pt too wide) in paragraph at lines 9--10
\OT1/cmr/m/it/10 Law[] 
 []

! Undefined control sequence.
l.13 \subsection
                {\textit{Temperature dependence on density}}
The control sequence at the end of the top line
of your error message was never \def'ed. If you have
misspelled it (e.g., `\hobx'), type `I' and the correct
spelling (e.g., `I\hbox'). Otherwise just continue,
and I'll forget about whatever was undefined.


! LaTeX Error: Missing \begin{document}.

See the LaTeX manual or LaTeX Companion for explanation.
Type  H <return>  for immediate help.
 ...                                              
                                                  
l.13 ...\textit{Temperature dependence on density}
                                                  }
You're in trouble here.  Try typing  <return>  to proceed.
If that doesn't work, type  X <return>  to quit.


Overfull \hbox (74.17734pt too wide) in paragraph at lines 13--14
[]\OT1/cmr/m/it/10 Temperature
 []


Overfull \hbox (13.28879pt too wide) in paragraph at lines 13--14
\OT1/cmr/m/it/10 de-
 []


Overfull \hbox (18.39986pt too wide) in paragraph at lines 13--14
\OT1/cmr/m/it/10 pen-
 []


Overfull \hbox (24.02203pt too wide) in paragraph at lines 13--14
\OT1/cmr/m/it/10 dence
 []


Overfull \hbox (10.73328pt too wide) in paragraph at lines 13--14
\OT1/cmr/m/it/10 on
 []


Overfull \hbox (18.91098pt too wide) in paragraph at lines 13--14
\OT1/cmr/m/it/10 den-
 []


Overfull \hbox (16.21794pt too wide) in paragraph at lines 13--14
\OT1/cmr/m/it/10 sity 
 []

! Undefined control sequence.
l.17 \subsection
                {\textit{Computer Simulation Software}}
The control sequence at the end of the top line
of your error message was never \def'ed. If you have
misspelled it (e.g., `\hobx'), type `I' and the correct
spelling (e.g., `I\hbox'). Otherwise just continue,
and I'll forget about whatever was undefined.


! LaTeX Error: Missing \begin{document}.

See the LaTeX manual or LaTeX Companion for explanation.
Type  H <return>  for immediate help.
 ...                                              
                                                  
l.17 ...tion{\textit{Computer Simulation Software}
                                                  }
You're in trouble here.  Try typing  <return>  to proceed.
If that doesn't work, type  X <return>  to quit.


Overfull \hbox (63.06082pt too wide) in paragraph at lines 17--18
[]\OT1/cmr/m/it/10 Computer
 []


Overfull \hbox (20.44432pt too wide) in paragraph at lines 17--18
\OT1/cmr/m/it/10 Sim-
 []


Overfull \hbox (8.94438pt too wide) in paragraph at lines 17--18
\OT1/cmr/m/it/10 u-
 []


Overfull \hbox (11.24437pt too wide) in paragraph at lines 17--18
\OT1/cmr/m/it/10 la-
 []


Overfull \hbox (17.12212pt too wide) in paragraph at lines 17--18
\OT1/cmr/m/it/10 tion
 []


Overfull \hbox (20.69986pt too wide) in paragraph at lines 17--18
\OT1/cmr/m/it/10 Soft-
 []


Overfull \hbox (20.81235pt too wide) in paragraph at lines 17--18
\OT1/cmr/m/it/10 ware 
 []

)
! Emergency stop.
<*> "./Background Research.tex"
                               
*** (job aborted, no legal \end found)

 
Here is how much of TeX's memory you used:
 21 strings out of 478868
 564 string characters out of 2865271
 292248 words of memory out of 3000000
 18039 multiletter control sequences out of 15000+600000
 403776 words of font info for 28 fonts, out of 8000000 for 9000
 1141 hyphenation exceptions out of 8191
 14i,1n,12p,245b,59s stack positions out of 5000i,500n,10000p,200000b,80000s
!  ==> Fatal error occurred, no output PDF file produced!
